<?xml version="1.0" encoding="UTF-8"?>
<testsuite xmlns:xsi="http://www.w3.org/2001/XMLSchema-instance" xsi:noNamespaceSchemaLocation="https://maven.apache.org/surefire/maven-surefire-plugin/xsd/surefire-test-report.xsd" version="3.0.2" name="com.remit.RemitApplicationTests" time="6.596" tests="1" errors="0" skipped="0" failures="0">
  <properties>
[...]
</properties>
  <testcase name="contextLoads" classname="com.remit.RemitApplicationTests" time="0.522">
    <system-out><![CDATA[15:22:29.577 [main] INFO org.springframework.test.context.support.AnnotationConfigContextLoaderUtils -- Could not detect default configuration classes for test class [com.remit.RemitApplicationTests]: RemitApplicationTests does not declare any static, non-private, non-final, nested classes annotated with @Configuration.
15:22:29.779 [main] INFO org.springframework.boot.test.context.SpringBootTestContextBootstrapper -- Found @SpringBootConfiguration com.remit.RemitApplication for test class com.remit.RemitApplicationTests

  .   ____          _            __ _ _
 /\\ / ___'_ __ _ _(_)_ __  __ _ \ \ \ \
( ( )\___ | '_ | '_| | '_ \/ _` | \ \ \ \
 \\/  ___)| |_)| | | | | || (_| |  ) ) ) )
  '  |____| .__|_| |_|_| |_\__, | / / / /
 =========|_|==============|___/=/_/_/_/

 :: Spring Boot ::                (v3.5.4)

2025-08-17T15:22:30.593+05:45  INFO 14080 --- [remit] [           main] com.remit.RemitApplicationTests          : Starting RemitApplicationTests using Java 17.0.9 with PID 14080 (started by Dell in D:\remit)
2025-08-17T15:22:30.596+05:45  INFO 14080 --- [remit] [           main] com.remit.RemitApplicationTests          : No active profile set, falling back to 1 default profile: "default"
2025-08-17T15:22:31.557+05:45  INFO 14080 --- [remit] [           main] .s.d.r.c.RepositoryConfigurationDelegate : Bootstrapping Spring Data JPA repositories in DEFAULT mode.
2025-08-17T15:22:31.642+05:45  INFO 14080 --- [remit] [           main] .s.d.r.c.RepositoryConfigurationDelegate : Finished Spring Data repository scanning in 67 ms. Found 1 JPA repository interface.
2025-08-17T15:22:32.181+05:45  INFO 14080 --- [remit] [           main] o.hibernate.jpa.internal.util.LogHelper  : HHH000204: Processing PersistenceUnitInfo [name: default]
2025-08-17T15:22:32.273+05:45  INFO 14080 --- [remit] [           main] org.hibernate.Version                    : HHH000412: Hibernate ORM core version 6.6.22.Final
2025-08-17T15:22:32.324+05:45  INFO 14080 --- [remit] [           main] o.h.c.internal.RegionFactoryInitiator    : HHH000026: Second-level cache disabled
2025-08-17T15:22:32.788+05:45  INFO 14080 --- [remit] [           main] o.s.o.j.p.SpringPersistenceUnitInfo      : No LoadTimeWeaver setup: ignoring JPA class transformer
2025-08-17T15:22:32.829+05:45  INFO 14080 --- [remit] [           main] com.zaxxer.hikari.HikariDataSource       : HikariPool-1 - Starting...
2025-08-17T15:22:33.286+05:45  INFO 14080 --- [remit] [           main] com.zaxxer.hikari.pool.HikariPool        : HikariPool-1 - Added connection org.postgresql.jdbc.PgConnection@3b57f915
2025-08-17T15:22:33.289+05:45  INFO 14080 --- [remit] [           main] com.zaxxer.hikari.HikariDataSource       : HikariPool-1 - Start completed.
2025-08-17T15:22:33.401+05:45  INFO 14080 --- [remit] [           main] org.hibernate.orm.connections.pooling    : HHH10001005: Database info:
	Database JDBC URL [Connecting through datasource 'HikariDataSource (HikariPool-1)']
	Database driver: undefined/unknown
	Database version: 16.10
	Autocommit mode: undefined/unknown
	Isolation level: undefined/unknown
	Minimum pool size: undefined/unknown
	Maximum pool size: undefined/unknown
2025-08-17T15:22:34.461+05:45  INFO 14080 --- [remit] [           main] o.h.e.t.j.p.i.JtaPlatformInitiator       : HHH000489: No JTA platform available (set 'hibernate.transaction.jta.platform' to enable JTA platform integration)
2025-08-17T15:22:34.463+05:45  INFO 14080 --- [remit] [           main] j.LocalContainerEntityManagerFactoryBean : Initialized JPA EntityManagerFactory for persistence unit 'default'
2025-08-17T15:22:34.897+05:45  WARN 14080 --- [remit] [           main] JpaBaseConfiguration$JpaWebConfiguration : spring.jpa.open-in-view is enabled by default. Therefore, database queries may be performed during view rendering. Explicitly configure spring.jpa.open-in-view to disable this warning
2025-08-17T15:22:35.399+05:45  INFO 14080 --- [remit] [           main] com.remit.RemitApplicationTests          : Started RemitApplicationTests in 5.295 seconds (process running for 6.845)
]]></system-out>
  </testcase>
</testsuite>